2026-01-04 17:35:48 [TestNG-tests-2] INFO  fileUtilities.GamesAdditionExcelUtility1 - Reading Excel data...
2026-01-04 17:35:48 [TestNG-tests-1] INFO  fileUtilities.GamesAdditionExcelUtility1 - Reading Excel data...
2026-01-04 17:35:48 [TestNG-tests-1] INFO  fileUtilities.GamesAdditionExcelUtility1 - Total rows: 12
2026-01-04 17:35:48 [TestNG-tests-2] INFO  fileUtilities.GamesAdditionExcelUtility1 - Total rows: 12
2026-01-04 17:35:48 [TestNG-tests-1] INFO  fileUtilities.GamesAdditionExcelUtility1 - Excel data reading completed.
2026-01-04 17:35:48 [TestNG-tests-2] INFO  fileUtilities.GamesAdditionExcelUtility1 - Excel data reading completed.
2026-01-04 17:35:58 [TestNG-tests-2] INFO  script.Test2 - Browser launched
2026-01-04 17:35:58 [TestNG-tests-2] INFO  script.Test2 - Excel rows count => 12
2026-01-04 17:35:58 [TestNG-tests-1] INFO  script.Test1 - Browser launched
2026-01-04 17:35:58 [TestNG-tests-1] INFO  script.Test1 - Excel rows count => 12
2026-01-04 17:35:58 [TestNG-tests-2] WARN  script.Test2 - URL loaded
2026-01-04 17:35:59 [TestNG-tests-1] WARN  script.Test1 - URL loaded
2026-01-04 17:36:06 [TestNG-tests-1] INFO  businessLogics.BusinessUtilitiesParallel - LOGIN SUCCESS
2026-01-04 17:36:06 [TestNG-tests-1] INFO  script.Test1 - ========== LOGIN SUCCESS ==========
2026-01-04 17:36:07 [TestNG-tests-2] INFO  businessLogics.BusinessUtilitiesParallel - LOGIN SUCCESS
2026-01-04 17:36:07 [TestNG-tests-2] INFO  script.Test2 - ========== LOGIN SUCCESS ==========
2026-01-04 17:36:07 [TestNG-tests-1] ERROR script.Test1 - Execution failed
org.openqa.selenium.NoSuchElementException: no such element: Unable to locate element: {"method":"xpath","selector":"//*[@class='nav-icon-ADT']"}
  (Session info: chrome=143.0.7499.170)
For documentation on this error, please visit: https://www.selenium.dev/documentation/webdriver/troubleshooting/errors#no-such-element-exception
Build info: version: '4.20.0', revision: '866c76ca80'
System info: os.name: 'Windows 11', os.arch: 'amd64', os.version: '10.0', java.version: '21.0.3'
Driver info: org.openqa.selenium.chrome.ChromeDriver
Command: [403fbda2bf53c9fd56f3446a07ab9f97, findElement {using=xpath, value=//*[@class='nav-icon-ADT']}]
Capabilities {acceptInsecureCerts: false, browserName: chrome, browserVersion: 143.0.7499.170, chrome: {chromedriverVersion: 143.0.7499.169 (164b20aab62..., userDataDir: C:\Users\SAI~1.DID\AppData\...}, fedcm:accounts: true, goog:chromeOptions: {debuggerAddress: localhost:58689}, goog:processID: 2456, networkConnectionEnabled: false, pageLoadStrategy: normal, platformName: windows, proxy: Proxy(), se:cdp: ws://localhost:58689/devtoo..., se:cdpVersion: 143.0.7499.170, setWindowRect: true, strictFileInteractability: false, timeouts: {implicit: 0, pageLoad: 300000, script: 30000}, unhandledPromptBehavior: dismiss and notify, webauthn:extension:credBlob: true, webauthn:extension:largeBlob: true, webauthn:extension:minPinLength: true, webauthn:extension:prf: true, webauthn:virtualAuthenticators: true}
Session ID: 403fbda2bf53c9fd56f3446a07ab9f97
	at java.base/jdk.internal.reflect.DirectConstructorHandleAccessor.newInstance(DirectConstructorHandleAccessor.java:62) ~[?:?]
	at java.base/java.lang.reflect.Constructor.newInstanceWithCaller(Constructor.java:502) ~[?:?]
	at java.base/java.lang.reflect.Constructor.newInstance(Constructor.java:486) ~[?:?]
	at org.openqa.selenium.remote.ErrorCodec.decode(ErrorCodec.java:167) ~[selenium-remote-driver-4.20.0.jar:?]
	at org.openqa.selenium.remote.codec.w3c.W3CHttpResponseCodec.decode(W3CHttpResponseCodec.java:138) ~[selenium-remote-driver-4.20.0.jar:?]
	at org.openqa.selenium.remote.codec.w3c.W3CHttpResponseCodec.decode(W3CHttpResponseCodec.java:50) ~[selenium-remote-driver-4.20.0.jar:?]
	at org.openqa.selenium.remote.HttpCommandExecutor.execute(HttpCommandExecutor.java:190) ~[selenium-remote-driver-4.20.0.jar:?]
	at org.openqa.selenium.remote.service.DriverCommandExecutor.invokeExecute(DriverCommandExecutor.java:216) ~[selenium-remote-driver-4.20.0.jar:?]
	at org.openqa.selenium.remote.service.DriverCommandExecutor.execute(DriverCommandExecutor.java:174) ~[selenium-remote-driver-4.20.0.jar:?]
	at org.openqa.selenium.remote.RemoteWebDriver.execute(RemoteWebDriver.java:518) ~[selenium-remote-driver-4.20.0.jar:?]
	at org.openqa.selenium.remote.ElementLocation$ElementFinder$2.findElement(ElementLocation.java:165) ~[selenium-remote-driver-4.20.0.jar:?]
	at org.openqa.selenium.remote.ElementLocation.findElement(ElementLocation.java:59) ~[selenium-remote-driver-4.20.0.jar:?]
	at org.openqa.selenium.remote.RemoteWebDriver.findElement(RemoteWebDriver.java:355) ~[selenium-remote-driver-4.20.0.jar:?]
	at org.openqa.selenium.remote.RemoteWebDriver.findElement(RemoteWebDriver.java:349) ~[selenium-remote-driver-4.20.0.jar:?]
	at org.openqa.selenium.support.pagefactory.DefaultElementLocator.findElement(DefaultElementLocator.java:68) ~[selenium-support-4.20.0.jar:?]
	at org.openqa.selenium.support.pagefactory.internal.LocatingElementHandler.invoke(LocatingElementHandler.java:38) ~[selenium-support-4.20.0.jar:?]
	at jdk.proxy2/jdk.proxy2.$Proxy23.getWrappedElement(Unknown Source) ~[?:?]
	at org.openqa.selenium.remote.WebElementToJsonConverter.apply(WebElementToJsonConverter.java:48) ~[selenium-remote-driver-4.20.0.jar:?]
	at java.base/java.util.stream.ReferencePipeline$3$1.accept(ReferencePipeline.java:197) ~[?:?]
	at java.base/java.util.Spliterators$ArraySpliterator.forEachRemaining(Spliterators.java:1024) ~[?:?]
	at java.base/java.util.stream.AbstractPipeline.copyInto(AbstractPipeline.java:509) ~[?:?]
	at java.base/java.util.stream.AbstractPipeline.wrapAndCopyInto(AbstractPipeline.java:499) ~[?:?]
	at java.base/java.util.stream.ReduceOps$ReduceOp.evaluateSequential(ReduceOps.java:921) ~[?:?]
	at java.base/java.util.stream.AbstractPipeline.evaluate(AbstractPipeline.java:234) ~[?:?]
	at java.base/java.util.stream.ReferencePipeline.collect(ReferencePipeline.java:682) ~[?:?]
	at org.openqa.selenium.remote.RemoteWebDriver.executeScript(RemoteWebDriver.java:461) ~[selenium-remote-driver-4.20.0.jar:?]
	at businessLogics.BusinessUtilitiesParallel.navigateToLobbyManager(BusinessUtilitiesParallel.java:97) ~[test-classes/:?]
	at script.Test1.addGamesToLobbies(Test1.java:85) ~[test-classes/:?]
	at java.base/jdk.internal.reflect.DirectMethodHandleAccessor.invoke(DirectMethodHandleAccessor.java:103) ~[?:?]
	at java.base/java.lang.reflect.Method.invoke(Method.java:580) ~[?:?]
	at org.testng.internal.invokers.MethodInvocationHelper.invokeMethod(MethodInvocationHelper.java:139) ~[testng-7.9.0.jar:7.9.0]
	at org.testng.internal.invokers.TestInvoker.invokeMethod(TestInvoker.java:664) ~[testng-7.9.0.jar:7.9.0]
	at org.testng.internal.invokers.TestInvoker.invokeTestMethod(TestInvoker.java:228) ~[testng-7.9.0.jar:7.9.0]
	at org.testng.internal.invokers.MethodRunner.runInSequence(MethodRunner.java:63) ~[testng-7.9.0.jar:7.9.0]
	at org.testng.internal.invokers.TestInvoker$MethodInvocationAgent.invoke(TestInvoker.java:961) ~[testng-7.9.0.jar:7.9.0]
	at org.testng.internal.invokers.TestInvoker.invokeTestMethods(TestInvoker.java:201) ~[testng-7.9.0.jar:7.9.0]
	at org.testng.internal.invokers.TestMethodWorker.invokeTestMethods(TestMethodWorker.java:148) ~[testng-7.9.0.jar:7.9.0]
	at org.testng.internal.invokers.TestMethodWorker.run(TestMethodWorker.java:128) ~[testng-7.9.0.jar:7.9.0]
	at java.base/java.util.ArrayList.forEach(ArrayList.java:1596) ~[?:?]
	at org.testng.TestRunner.privateRun(TestRunner.java:819) ~[testng-7.9.0.jar:7.9.0]
	at org.testng.TestRunner.run(TestRunner.java:619) ~[testng-7.9.0.jar:7.9.0]
	at org.testng.SuiteRunner.runTest(SuiteRunner.java:443) ~[testng-7.9.0.jar:7.9.0]
	at org.testng.SuiteRunner$SuiteWorker.run(SuiteRunner.java:481) ~[testng-7.9.0.jar:7.9.0]
	at org.testng.internal.thread.ThreadUtil.lambda$execute$0(ThreadUtil.java:58) ~[testng-7.9.0.jar:7.9.0]
	at java.base/java.util.concurrent.FutureTask.run(FutureTask.java:317) ~[?:?]
	at java.base/java.util.concurrent.ThreadPoolExecutor.runWorker(ThreadPoolExecutor.java:1144) ~[?:?]
	at java.base/java.util.concurrent.ThreadPoolExecutor$Worker.run(ThreadPoolExecutor.java:642) ~[?:?]
	at java.base/java.lang.Thread.run(Thread.java:1583) [?:?]
2026-01-04 17:36:17 [TestNG-tests-2] INFO  businessLogics.BusinessUtilitiesParallel - Navigated to Casino Lobby Manager
2026-01-04 17:36:19 [TestNG-tests-2] INFO  businessLogics.BusinessUtilitiesParallel - ========== BRAND START : BWINCOM ==========
2026-01-04 17:36:41 [TestNG-tests-2] INFO  businessLogics.BusinessUtilitiesParallel - Processing game variant: nyxintothestorm1
2026-01-04 17:36:45 [TestNG-tests-2] INFO  businessLogics.BusinessUtilitiesParallel - ALREADY ADDED (Right Side): nyxintothestorm1
2026-01-04 17:36:45 [TestNG-tests-2] INFO  businessLogics.BusinessUtilitiesParallel - Processing game variant: nyxblazing7sbigbonus
2026-01-04 17:36:50 [TestNG-tests-2] INFO  businessLogics.BusinessUtilitiesParallel - ALREADY ADDED (Right Side): nyxblazing7sbigbonus
2026-01-04 17:36:50 [TestNG-tests-2] INFO  businessLogics.BusinessUtilitiesParallel - Processing game variant: playtechliveblackjack10
2026-01-04 17:36:54 [TestNG-tests-2] INFO  businessLogics.BusinessUtilitiesParallel - ALREADY ADDED (Right Side): playtechliveblackjack10
2026-01-04 17:37:08 [TestNG-tests-2] INFO  businessLogics.BusinessUtilitiesParallel - GVC message found: GVC_CLUSTER: Your request is in Queue... Go to 'Status Update' Page and select GVC_CLUSTER to check the status of your requests..Refresh Id:108404
2026-01-04 17:37:09 [TestNG-tests-2] INFO  businessLogics.BusinessUtilitiesParallel - RefreshId ==> 108404
2026-01-04 17:37:09 [TestNG-tests-2] INFO  businessLogics.BusinessUtilitiesParallel - Waiting for refreshId: 108404
2026-01-04 17:37:17 [TestNG-tests-2] INFO  businessLogics.BusinessUtilitiesParallel - Status Update page opened
2026-01-04 17:37:17 [TestNG-tests-2] INFO  businessLogics.BusinessUtilitiesParallel - Selecting Cluster: GVC_CLUSTER
2026-01-04 17:37:20 [TestNG-tests-2] INFO  businessLogics.BusinessUtilitiesParallel - Waiting for status size : 9
2026-01-04 17:37:20 [TestNG-tests-2] INFO  businessLogics.BusinessUtilitiesParallel -  Checking status attempt: 1
2026-01-04 17:37:20 [TestNG-tests-2] INFO  businessLogics.BusinessUtilitiesParallel - Row 1 Status: Completed
2026-01-04 17:37:20 [TestNG-tests-2] INFO  businessLogics.BusinessUtilitiesParallel - Row 2 Status: InProgress
2026-01-04 17:37:20 [TestNG-tests-2] WARN  businessLogics.BusinessUtilitiesParallel -  Row 2 not completed yet.
2026-01-04 17:37:20 [TestNG-tests-2] INFO  businessLogics.BusinessUtilitiesParallel -  Refreshing status table...
2026-01-04 17:37:25 [TestNG-tests-2] INFO  businessLogics.BusinessUtilitiesParallel - Waiting for status size : 9
2026-01-04 17:37:25 [TestNG-tests-2] INFO  businessLogics.BusinessUtilitiesParallel -  Checking status attempt: 2
2026-01-04 17:37:25 [TestNG-tests-2] INFO  businessLogics.BusinessUtilitiesParallel - Row 1 Status: Completed
2026-01-04 17:37:25 [TestNG-tests-2] INFO  businessLogics.BusinessUtilitiesParallel - Row 2 Status: Completed
2026-01-04 17:37:25 [TestNG-tests-2] INFO  businessLogics.BusinessUtilitiesParallel - Row 3 Status: Completed
2026-01-04 17:37:25 [TestNG-tests-2] INFO  businessLogics.BusinessUtilitiesParallel - Row 4 Status: Completed
2026-01-04 17:37:25 [TestNG-tests-2] INFO  businessLogics.BusinessUtilitiesParallel - Row 5 Status: InProgress
2026-01-04 17:37:25 [TestNG-tests-2] WARN  businessLogics.BusinessUtilitiesParallel -  Row 5 not completed yet.
2026-01-04 17:37:25 [TestNG-tests-2] INFO  businessLogics.BusinessUtilitiesParallel -  Refreshing status table...
2026-01-04 17:37:30 [TestNG-tests-2] INFO  businessLogics.BusinessUtilitiesParallel - Waiting for status size : 9
2026-01-04 17:37:30 [TestNG-tests-2] INFO  businessLogics.BusinessUtilitiesParallel -  Checking status attempt: 3
2026-01-04 17:37:30 [TestNG-tests-2] INFO  businessLogics.BusinessUtilitiesParallel - Row 1 Status: Completed
2026-01-04 17:37:30 [TestNG-tests-2] INFO  businessLogics.BusinessUtilitiesParallel - Row 2 Status: Completed
2026-01-04 17:37:30 [TestNG-tests-2] INFO  businessLogics.BusinessUtilitiesParallel - Row 3 Status: Completed
2026-01-04 17:37:30 [TestNG-tests-2] INFO  businessLogics.BusinessUtilitiesParallel - Row 4 Status: Completed
2026-01-04 17:37:30 [TestNG-tests-2] INFO  businessLogics.BusinessUtilitiesParallel - Row 5 Status: InProgress
2026-01-04 17:37:30 [TestNG-tests-2] WARN  businessLogics.BusinessUtilitiesParallel -  Row 5 not completed yet.
2026-01-04 17:37:30 [TestNG-tests-2] INFO  businessLogics.BusinessUtilitiesParallel -  Refreshing status table...
2026-01-04 17:37:35 [TestNG-tests-2] INFO  businessLogics.BusinessUtilitiesParallel - Waiting for status size : 9
2026-01-04 17:37:35 [TestNG-tests-2] INFO  businessLogics.BusinessUtilitiesParallel -  Checking status attempt: 4
2026-01-04 17:37:35 [TestNG-tests-2] INFO  businessLogics.BusinessUtilitiesParallel - Row 1 Status: Completed
2026-01-04 17:37:35 [TestNG-tests-2] INFO  businessLogics.BusinessUtilitiesParallel - Row 2 Status: Completed
2026-01-04 17:37:35 [TestNG-tests-2] INFO  businessLogics.BusinessUtilitiesParallel - Row 3 Status: Completed
2026-01-04 17:37:35 [TestNG-tests-2] INFO  businessLogics.BusinessUtilitiesParallel - Row 4 Status: Completed
2026-01-04 17:37:35 [TestNG-tests-2] INFO  businessLogics.BusinessUtilitiesParallel - Row 5 Status: InProgress
2026-01-04 17:37:35 [TestNG-tests-2] WARN  businessLogics.BusinessUtilitiesParallel -  Row 5 not completed yet.
2026-01-04 17:37:35 [TestNG-tests-2] INFO  businessLogics.BusinessUtilitiesParallel -  Refreshing status table...
2026-01-04 17:37:40 [TestNG-tests-2] INFO  businessLogics.BusinessUtilitiesParallel - Waiting for status size : 9
2026-01-04 17:37:40 [TestNG-tests-2] INFO  businessLogics.BusinessUtilitiesParallel -  Checking status attempt: 5
2026-01-04 17:37:40 [TestNG-tests-2] INFO  businessLogics.BusinessUtilitiesParallel - Row 1 Status: Completed
2026-01-04 17:37:40 [TestNG-tests-2] INFO  businessLogics.BusinessUtilitiesParallel - Row 2 Status: Completed
2026-01-04 17:37:40 [TestNG-tests-2] INFO  businessLogics.BusinessUtilitiesParallel - Row 3 Status: Completed
2026-01-04 17:37:40 [TestNG-tests-2] INFO  businessLogics.BusinessUtilitiesParallel - Row 4 Status: Completed
2026-01-04 17:37:40 [TestNG-tests-2] INFO  businessLogics.BusinessUtilitiesParallel - Row 5 Status: InProgress
2026-01-04 17:37:40 [TestNG-tests-2] WARN  businessLogics.BusinessUtilitiesParallel -  Row 5 not completed yet.
2026-01-04 17:37:40 [TestNG-tests-2] INFO  businessLogics.BusinessUtilitiesParallel -  Refreshing status table...
2026-01-04 17:37:45 [TestNG-tests-2] INFO  businessLogics.BusinessUtilitiesParallel - Waiting for status size : 9
2026-01-04 17:37:45 [TestNG-tests-2] INFO  businessLogics.BusinessUtilitiesParallel -  Checking status attempt: 6
2026-01-04 17:37:45 [TestNG-tests-2] INFO  businessLogics.BusinessUtilitiesParallel - Row 1 Status: Completed
2026-01-04 17:37:45 [TestNG-tests-2] INFO  businessLogics.BusinessUtilitiesParallel - Row 2 Status: Completed
2026-01-04 17:37:45 [TestNG-tests-2] INFO  businessLogics.BusinessUtilitiesParallel - Row 3 Status: Completed
2026-01-04 17:37:45 [TestNG-tests-2] INFO  businessLogics.BusinessUtilitiesParallel - Row 4 Status: Completed
2026-01-04 17:37:45 [TestNG-tests-2] INFO  businessLogics.BusinessUtilitiesParallel - Row 5 Status: InProgress
2026-01-04 17:37:45 [TestNG-tests-2] WARN  businessLogics.BusinessUtilitiesParallel -  Row 5 not completed yet.
2026-01-04 17:37:45 [TestNG-tests-2] INFO  businessLogics.BusinessUtilitiesParallel -  Refreshing status table...
2026-01-04 17:37:50 [TestNG-tests-2] INFO  businessLogics.BusinessUtilitiesParallel - Waiting for status size : 9
2026-01-04 17:37:50 [TestNG-tests-2] INFO  businessLogics.BusinessUtilitiesParallel -  Checking status attempt: 7
2026-01-04 17:37:50 [TestNG-tests-2] INFO  businessLogics.BusinessUtilitiesParallel - Row 1 Status: Completed
2026-01-04 17:37:50 [TestNG-tests-2] INFO  businessLogics.BusinessUtilitiesParallel - Row 2 Status: Completed
2026-01-04 17:37:50 [TestNG-tests-2] INFO  businessLogics.BusinessUtilitiesParallel - Row 3 Status: Completed
2026-01-04 17:37:50 [TestNG-tests-2] INFO  businessLogics.BusinessUtilitiesParallel - Row 4 Status: Completed
2026-01-04 17:37:50 [TestNG-tests-2] INFO  businessLogics.BusinessUtilitiesParallel - Row 5 Status: InProgress
2026-01-04 17:37:50 [TestNG-tests-2] WARN  businessLogics.BusinessUtilitiesParallel -  Row 5 not completed yet.
2026-01-04 17:37:50 [TestNG-tests-2] INFO  businessLogics.BusinessUtilitiesParallel -  Refreshing status table...
2026-01-04 17:37:55 [TestNG-tests-2] INFO  businessLogics.BusinessUtilitiesParallel - Waiting for status size : 9
2026-01-04 17:37:55 [TestNG-tests-2] INFO  businessLogics.BusinessUtilitiesParallel -  Checking status attempt: 8
2026-01-04 17:37:55 [TestNG-tests-2] INFO  businessLogics.BusinessUtilitiesParallel - Row 1 Status: Completed
2026-01-04 17:37:55 [TestNG-tests-2] INFO  businessLogics.BusinessUtilitiesParallel - Row 2 Status: Completed
2026-01-04 17:37:55 [TestNG-tests-2] INFO  businessLogics.BusinessUtilitiesParallel - Row 3 Status: Completed
2026-01-04 17:37:55 [TestNG-tests-2] INFO  businessLogics.BusinessUtilitiesParallel - Row 4 Status: Completed
2026-01-04 17:37:55 [TestNG-tests-2] INFO  businessLogics.BusinessUtilitiesParallel - Row 5 Status: InProgress
2026-01-04 17:37:55 [TestNG-tests-2] WARN  businessLogics.BusinessUtilitiesParallel -  Row 5 not completed yet.
2026-01-04 17:37:55 [TestNG-tests-2] INFO  businessLogics.BusinessUtilitiesParallel -  Refreshing status table...
2026-01-04 17:38:01 [TestNG-tests-2] INFO  businessLogics.BusinessUtilitiesParallel - Waiting for status size : 9
2026-01-04 17:38:01 [TestNG-tests-2] INFO  businessLogics.BusinessUtilitiesParallel -  Checking status attempt: 9
2026-01-04 17:38:01 [TestNG-tests-2] INFO  businessLogics.BusinessUtilitiesParallel - Row 1 Status: Completed
2026-01-04 17:38:01 [TestNG-tests-2] INFO  businessLogics.BusinessUtilitiesParallel - Row 2 Status: Completed
2026-01-04 17:38:01 [TestNG-tests-2] INFO  businessLogics.BusinessUtilitiesParallel - Row 3 Status: Completed
2026-01-04 17:38:01 [TestNG-tests-2] INFO  businessLogics.BusinessUtilitiesParallel - Row 4 Status: Completed
2026-01-04 17:38:01 [TestNG-tests-2] INFO  businessLogics.BusinessUtilitiesParallel - Row 5 Status: InProgress
2026-01-04 17:38:01 [TestNG-tests-2] WARN  businessLogics.BusinessUtilitiesParallel -  Row 5 not completed yet.
2026-01-04 17:38:01 [TestNG-tests-2] INFO  businessLogics.BusinessUtilitiesParallel -  Refreshing status table...
2026-01-04 17:38:06 [TestNG-tests-2] INFO  businessLogics.BusinessUtilitiesParallel - Waiting for status size : 9
2026-01-04 17:38:06 [TestNG-tests-2] INFO  businessLogics.BusinessUtilitiesParallel -  Checking status attempt: 10
2026-01-04 17:38:06 [TestNG-tests-2] INFO  businessLogics.BusinessUtilitiesParallel - Row 1 Status: Completed
2026-01-04 17:38:06 [TestNG-tests-2] INFO  businessLogics.BusinessUtilitiesParallel - Row 2 Status: Completed
2026-01-04 17:38:06 [TestNG-tests-2] INFO  businessLogics.BusinessUtilitiesParallel - Row 3 Status: Completed
2026-01-04 17:38:06 [TestNG-tests-2] INFO  businessLogics.BusinessUtilitiesParallel - Row 4 Status: Completed
2026-01-04 17:38:06 [TestNG-tests-2] INFO  businessLogics.BusinessUtilitiesParallel - Row 5 Status: InProgress
2026-01-04 17:38:06 [TestNG-tests-2] WARN  businessLogics.BusinessUtilitiesParallel -  Row 5 not completed yet.
2026-01-04 17:38:06 [TestNG-tests-2] INFO  businessLogics.BusinessUtilitiesParallel -  Refreshing status table...
2026-01-04 17:38:11 [TestNG-tests-2] INFO  businessLogics.BusinessUtilitiesParallel - Waiting for status size : 9
2026-01-04 17:38:11 [TestNG-tests-2] INFO  businessLogics.BusinessUtilitiesParallel -  Checking status attempt: 11
2026-01-04 17:38:11 [TestNG-tests-2] INFO  businessLogics.BusinessUtilitiesParallel - Row 1 Status: Completed
2026-01-04 17:38:11 [TestNG-tests-2] INFO  businessLogics.BusinessUtilitiesParallel - Row 2 Status: Completed
2026-01-04 17:38:11 [TestNG-tests-2] INFO  businessLogics.BusinessUtilitiesParallel - Row 3 Status: Completed
2026-01-04 17:38:11 [TestNG-tests-2] INFO  businessLogics.BusinessUtilitiesParallel - Row 4 Status: Completed
2026-01-04 17:38:11 [TestNG-tests-2] INFO  businessLogics.BusinessUtilitiesParallel - Row 5 Status: InProgress
2026-01-04 17:38:11 [TestNG-tests-2] WARN  businessLogics.BusinessUtilitiesParallel -  Row 5 not completed yet.
2026-01-04 17:38:11 [TestNG-tests-2] INFO  businessLogics.BusinessUtilitiesParallel -  Refreshing status table...
2026-01-04 17:38:16 [TestNG-tests-2] INFO  businessLogics.BusinessUtilitiesParallel - Waiting for status size : 9
2026-01-04 17:38:16 [TestNG-tests-2] INFO  businessLogics.BusinessUtilitiesParallel -  Checking status attempt: 12
2026-01-04 17:38:16 [TestNG-tests-2] INFO  businessLogics.BusinessUtilitiesParallel - Row 1 Status: Completed
2026-01-04 17:38:16 [TestNG-tests-2] INFO  businessLogics.BusinessUtilitiesParallel - Row 2 Status: Completed
2026-01-04 17:38:16 [TestNG-tests-2] INFO  businessLogics.BusinessUtilitiesParallel - Row 3 Status: Completed
2026-01-04 17:38:16 [TestNG-tests-2] INFO  businessLogics.BusinessUtilitiesParallel - Row 4 Status: Completed
2026-01-04 17:38:16 [TestNG-tests-2] INFO  businessLogics.BusinessUtilitiesParallel - Row 5 Status: InProgress
2026-01-04 17:38:16 [TestNG-tests-2] WARN  businessLogics.BusinessUtilitiesParallel -  Row 5 not completed yet.
2026-01-04 17:38:16 [TestNG-tests-2] INFO  businessLogics.BusinessUtilitiesParallel -  Refreshing status table...
2026-01-04 17:38:21 [TestNG-tests-2] ERROR script.Test2 - Execution failed
org.openqa.selenium.NoSuchSessionException: invalid session id: session deleted as the browser has closed the connection
from disconnected: not connected to DevTools
  (Session info: chrome=143.0.7499.170)
Build info: version: '4.20.0', revision: '866c76ca80'
System info: os.name: 'Windows 11', os.arch: 'amd64', os.version: '10.0', java.version: '21.0.3'
Driver info: org.openqa.selenium.chrome.ChromeDriver
Command: [feaffd7538a33da0a1c8f8a8a31ae276, findElements {using=xpath, value=//td[normalize-space()='108404']//following-sibling::td//tr[@class='statusSucces']//td[3]}]
Capabilities {acceptInsecureCerts: false, browserName: chrome, browserVersion: 143.0.7499.170, chrome: {chromedriverVersion: 143.0.7499.169 (164b20aab62..., userDataDir: C:\Users\SAI~1.DID\AppData\...}, fedcm:accounts: true, goog:chromeOptions: {debuggerAddress: localhost:58690}, goog:processID: 3756, networkConnectionEnabled: false, pageLoadStrategy: normal, platformName: windows, proxy: Proxy(), se:cdp: ws://localhost:58690/devtoo..., se:cdpVersion: 143.0.7499.170, setWindowRect: true, strictFileInteractability: false, timeouts: {implicit: 0, pageLoad: 300000, script: 30000}, unhandledPromptBehavior: dismiss and notify, webauthn:extension:credBlob: true, webauthn:extension:largeBlob: true, webauthn:extension:minPinLength: true, webauthn:extension:prf: true, webauthn:virtualAuthenticators: true}
Session ID: feaffd7538a33da0a1c8f8a8a31ae276
	at java.base/jdk.internal.reflect.DirectConstructorHandleAccessor.newInstance(DirectConstructorHandleAccessor.java:62) ~[?:?]
	at java.base/java.lang.reflect.Constructor.newInstanceWithCaller(Constructor.java:502) ~[?:?]
	at java.base/java.lang.reflect.Constructor.newInstance(Constructor.java:486) ~[?:?]
	at org.openqa.selenium.remote.ErrorCodec.decode(ErrorCodec.java:167) ~[selenium-remote-driver-4.20.0.jar:?]
	at org.openqa.selenium.remote.codec.w3c.W3CHttpResponseCodec.decode(W3CHttpResponseCodec.java:138) ~[selenium-remote-driver-4.20.0.jar:?]
	at org.openqa.selenium.remote.codec.w3c.W3CHttpResponseCodec.decode(W3CHttpResponseCodec.java:50) ~[selenium-remote-driver-4.20.0.jar:?]
	at org.openqa.selenium.remote.HttpCommandExecutor.execute(HttpCommandExecutor.java:190) ~[selenium-remote-driver-4.20.0.jar:?]
	at org.openqa.selenium.remote.service.DriverCommandExecutor.invokeExecute(DriverCommandExecutor.java:216) ~[selenium-remote-driver-4.20.0.jar:?]
	at org.openqa.selenium.remote.service.DriverCommandExecutor.execute(DriverCommandExecutor.java:174) ~[selenium-remote-driver-4.20.0.jar:?]
	at org.openqa.selenium.remote.RemoteWebDriver.execute(RemoteWebDriver.java:518) ~[selenium-remote-driver-4.20.0.jar:?]
	at org.openqa.selenium.remote.ElementLocation$ElementFinder$2.findElements(ElementLocation.java:182) ~[selenium-remote-driver-4.20.0.jar:?]
	at org.openqa.selenium.remote.ElementLocation.findElements(ElementLocation.java:103) ~[selenium-remote-driver-4.20.0.jar:?]
	at org.openqa.selenium.remote.RemoteWebDriver.findElements(RemoteWebDriver.java:368) ~[selenium-remote-driver-4.20.0.jar:?]
	at org.openqa.selenium.remote.RemoteWebDriver.findElements(RemoteWebDriver.java:362) ~[selenium-remote-driver-4.20.0.jar:?]
	at businessLogics.BusinessUtilitiesParallel.waitForRefreshCompletion(BusinessUtilitiesParallel.java:392) ~[test-classes/:?]
	at businessLogics.BusinessUtilitiesParallel.addGames(BusinessUtilitiesParallel.java:332) ~[test-classes/:?]
	at businessLogics.BusinessUtilitiesParallel.configureLobbies(BusinessUtilitiesParallel.java:205) ~[test-classes/:?]
	at script.Test2.addGamesToLobbies(Test2.java:93) ~[test-classes/:?]
	at java.base/jdk.internal.reflect.DirectMethodHandleAccessor.invoke(DirectMethodHandleAccessor.java:103) ~[?:?]
	at java.base/java.lang.reflect.Method.invoke(Method.java:580) ~[?:?]
	at org.testng.internal.invokers.MethodInvocationHelper.invokeMethod(MethodInvocationHelper.java:139) ~[testng-7.9.0.jar:7.9.0]
	at org.testng.internal.invokers.TestInvoker.invokeMethod(TestInvoker.java:664) ~[testng-7.9.0.jar:7.9.0]
	at org.testng.internal.invokers.TestInvoker.invokeTestMethod(TestInvoker.java:228) ~[testng-7.9.0.jar:7.9.0]
	at org.testng.internal.invokers.MethodRunner.runInSequence(MethodRunner.java:63) ~[testng-7.9.0.jar:7.9.0]
	at org.testng.internal.invokers.TestInvoker$MethodInvocationAgent.invoke(TestInvoker.java:961) ~[testng-7.9.0.jar:7.9.0]
	at org.testng.internal.invokers.TestInvoker.invokeTestMethods(TestInvoker.java:201) ~[testng-7.9.0.jar:7.9.0]
	at org.testng.internal.invokers.TestMethodWorker.invokeTestMethods(TestMethodWorker.java:148) ~[testng-7.9.0.jar:7.9.0]
	at org.testng.internal.invokers.TestMethodWorker.run(TestMethodWorker.java:128) ~[testng-7.9.0.jar:7.9.0]
	at java.base/java.util.ArrayList.forEach(ArrayList.java:1596) ~[?:?]
	at org.testng.TestRunner.privateRun(TestRunner.java:819) ~[testng-7.9.0.jar:7.9.0]
	at org.testng.TestRunner.run(TestRunner.java:619) ~[testng-7.9.0.jar:7.9.0]
	at org.testng.SuiteRunner.runTest(SuiteRunner.java:443) ~[testng-7.9.0.jar:7.9.0]
	at org.testng.SuiteRunner$SuiteWorker.run(SuiteRunner.java:481) ~[testng-7.9.0.jar:7.9.0]
	at org.testng.internal.thread.ThreadUtil.lambda$execute$0(ThreadUtil.java:58) ~[testng-7.9.0.jar:7.9.0]
	at java.base/java.util.concurrent.FutureTask.run(FutureTask.java:317) ~[?:?]
	at java.base/java.util.concurrent.ThreadPoolExecutor.runWorker(ThreadPoolExecutor.java:1144) ~[?:?]
	at java.base/java.util.concurrent.ThreadPoolExecutor$Worker.run(ThreadPoolExecutor.java:642) ~[?:?]
	at java.base/java.lang.Thread.run(Thread.java:1583) [?:?]
