<?xml version="1.0" encoding="UTF-8"?>
<testng-results ignored="0" total="2" passed="2" failed="0" skipped="0">
  <reporter-output>
  </reporter-output>
  <suite started-at="2026-01-04T17:41:09 IST" name="ParallelSuite" finished-at="2026-01-04T17:43:21 IST" duration-ms="132250">
    <groups>
    </groups>
    <test started-at="2026-01-04T17:41:09 IST" name="Test-2" finished-at="2026-01-04T17:43:21 IST" duration-ms="132175">
      <class name="script.Test2">
        <test-method signature="addGamesToLobbies()[pri:0, instance:script.Test2@1ae67cad]" started-at="2026-01-04T17:41:09 IST" name="addGamesToLobbies" finished-at="2026-01-04T17:43:21 IST" duration-ms="132136" status="PASS">
          <reporter-output>
          </reporter-output>
        </test-method> <!-- addGamesToLobbies -->
      </class> <!-- script.Test2 -->
    </test> <!-- Test-2 -->
    <test started-at="2026-01-04T17:41:09 IST" name="Test-1" finished-at="2026-01-04T17:43:21 IST" duration-ms="132250">
      <class name="script.Test1">
        <test-method signature="addGamesToLobbies()[pri:0, instance:script.Test1@2b5f4d54]" started-at="2026-01-04T17:41:09 IST" name="addGamesToLobbies" finished-at="2026-01-04T17:43:21 IST" duration-ms="132215" status="PASS">
          <reporter-output>
          </reporter-output>
        </test-method> <!-- addGamesToLobbies -->
      </class> <!-- script.Test1 -->
    </test> <!-- Test-1 -->
  </suite> <!-- ParallelSuite -->
</testng-results>
