<?xml version="1.0" encoding="UTF-8"?>
<testng-results ignored="0" total="1" passed="1" failed="0" skipped="0">
  <reporter-output>
  </reporter-output>
  <suite started-at="2026-01-06T00:00:41 IST" name="Suite" finished-at="2026-01-06T00:01:08 IST" duration-ms="27042">
    <groups>
    </groups>
    <test started-at="2026-01-06T00:00:41 IST" name="Desktop" finished-at="2026-01-06T00:01:08 IST" duration-ms="27042">
      <class name="script.Desktop">
        <test-method signature="addGamesToLobbies()[pri:0, instance:script.Desktop@1a45193b]" started-at="2026-01-06T00:00:41 IST" name="addGamesToLobbies" finished-at="2026-01-06T00:01:08 IST" duration-ms="27012" status="PASS">
          <reporter-output>
          </reporter-output>
        </test-method> <!-- addGamesToLobbies -->
      </class> <!-- script.Desktop -->
    </test> <!-- Desktop -->
  </suite> <!-- Suite -->
</testng-results>
