2025-12-25 22:34:32 [TestNG-tests-2] INFO  fileUtilities.GamesAdditionExcelUtility1 - Reading Excel data...
2025-12-25 22:34:32 [TestNG-tests-1] INFO  fileUtilities.GamesAdditionExcelUtility1 - Reading Excel data...
2025-12-25 22:34:32 [TestNG-tests-2] INFO  fileUtilities.GamesAdditionExcelUtility1 - Total rows: 12
2025-12-25 22:34:32 [TestNG-tests-1] INFO  fileUtilities.GamesAdditionExcelUtility1 - Total rows: 12
2025-12-25 22:34:32 [TestNG-tests-2] INFO  fileUtilities.GamesAdditionExcelUtility1 - Excel data reading completed.
2025-12-25 22:34:32 [TestNG-tests-1] INFO  fileUtilities.GamesAdditionExcelUtility1 - Excel data reading completed.
2025-12-25 22:34:36 [TestNG-tests-2] INFO  script.Test2 - Browser launched
2025-12-25 22:34:36 [TestNG-tests-1] INFO  script.Test1 - Browser launched
2025-12-25 22:34:36 [TestNG-tests-2] INFO  script.Test2 - Excel rows count => 12
2025-12-25 22:34:36 [TestNG-tests-1] INFO  script.Test1 - Excel rows count => 12
2025-12-25 22:34:39 [TestNG-tests-1] WARN  script.Test1 - URL loaded
2025-12-25 22:34:39 [TestNG-tests-2] WARN  script.Test2 - URL loaded
2025-12-25 22:34:43 [TestNG-tests-2] INFO  script.SampleTest - LOGIN SUCCESS
2025-12-25 22:34:43 [TestNG-tests-2] INFO  script.Test2 - ========== LOGIN SUCCESS ==========
2025-12-25 22:34:43 [TestNG-tests-1] INFO  script.SampleTest - LOGIN SUCCESS
2025-12-25 22:34:43 [TestNG-tests-1] INFO  script.Test1 - ========== LOGIN SUCCESS ==========
2025-12-25 22:34:55 [TestNG-tests-2] INFO  script.SampleTest - Navigated to Casino Lobby Manager
2025-12-25 22:34:55 [TestNG-tests-1] INFO  script.SampleTest - Navigated to Casino Lobby Manager
2025-12-25 22:34:57 [TestNG-tests-2] INFO  script.SampleTest - ========== BRAND START : BWINCOM ==========
2025-12-25 22:34:57 [TestNG-tests-1] INFO  script.SampleTest - ========== BRAND START : BWINCOM ==========
2025-12-25 22:35:20 [TestNG-tests-2] INFO  script.SampleTest - Processing game variant: nyxintothestorm1
2025-12-25 22:35:20 [TestNG-tests-1] INFO  script.SampleTest - Processing game variant: nyxintothestorm1
2025-12-25 22:35:26 [TestNG-tests-2] INFO  script.SampleTest - ALREADY ADDED: nyxintothestorm1 -> BWINCOM
2025-12-25 22:35:26 [TestNG-tests-2] INFO  script.SampleTest - Processing game variant: nyxblazing7sbigbonus
2025-12-25 22:35:26 [TestNG-tests-1] INFO  script.SampleTest - ALREADY ADDED: nyxintothestorm1 -> BWINCOM
2025-12-25 22:35:26 [TestNG-tests-1] INFO  script.SampleTest - Processing game variant: nyxblazing7sbigbonus
2025-12-25 22:35:33 [TestNG-tests-2] INFO  script.SampleTest - ALREADY ADDED: nyxblazing7sbigbonus -> BWINCOM
2025-12-25 22:35:33 [TestNG-tests-2] INFO  script.SampleTest - Processing game variant: playtechliveblackjack10
2025-12-25 22:35:33 [TestNG-tests-1] INFO  script.SampleTest - ALREADY ADDED: nyxblazing7sbigbonus -> BWINCOM
2025-12-25 22:35:33 [TestNG-tests-1] INFO  script.SampleTest - Processing game variant: playtechliveblackjack10
2025-12-25 22:35:39 [TestNG-tests-2] INFO  script.SampleTest - ALREADY ADDED: playtechliveblackjack10 -> BWINCOM
2025-12-25 22:35:39 [TestNG-tests-2] INFO  script.SampleTest - ========== BRAND END : BWINCOM ==========
2025-12-25 22:35:39 [TestNG-tests-1] INFO  script.SampleTest - ALREADY ADDED: playtechliveblackjack10 -> BWINCOM
2025-12-25 22:35:39 [TestNG-tests-1] INFO  script.SampleTest - ========== BRAND END : BWINCOM ==========
2025-12-25 22:35:41 [TestNG-tests-2] INFO  script.SampleTest - ========== BRAND START : BETMGMONCA ==========
2025-12-25 22:35:41 [TestNG-tests-1] INFO  script.SampleTest - ========== BRAND START : BETMGMONCA ==========
2025-12-25 22:36:02 [TestNG-tests-1] INFO  script.SampleTest - Processing game variant: nyxintothestorm1
2025-12-25 22:36:02 [TestNG-tests-2] INFO  script.SampleTest - Processing game variant: nyxintothestorm1
2025-12-25 22:36:09 [TestNG-tests-1] INFO  script.SampleTest - ALREADY ADDED: nyxintothestorm1 -> BETMGMONCA
2025-12-25 22:36:09 [TestNG-tests-2] INFO  script.SampleTest - ALREADY ADDED: nyxintothestorm1 -> BETMGMONCA
2025-12-25 22:36:09 [TestNG-tests-1] INFO  script.SampleTest - Processing game variant: nyxblazing7sbigbonus
2025-12-25 22:36:09 [TestNG-tests-2] INFO  script.SampleTest - Processing game variant: nyxblazing7sbigbonus
2025-12-25 22:36:15 [TestNG-tests-1] INFO  script.SampleTest - ALREADY ADDED: nyxblazing7sbigbonus -> BETMGMONCA
2025-12-25 22:36:15 [TestNG-tests-2] INFO  script.SampleTest - ALREADY ADDED: nyxblazing7sbigbonus -> BETMGMONCA
2025-12-25 22:36:15 [TestNG-tests-1] INFO  script.SampleTest - Processing game variant: playtechliveblackjack10
2025-12-25 22:36:15 [TestNG-tests-2] INFO  script.SampleTest - Processing game variant: playtechliveblackjack10
2025-12-25 22:36:21 [TestNG-tests-2] INFO  script.SampleTest - ALREADY ADDED: playtechliveblackjack10 -> BETMGMONCA
2025-12-25 22:36:21 [TestNG-tests-1] INFO  script.SampleTest - ALREADY ADDED: playtechliveblackjack10 -> BETMGMONCA
2025-12-25 22:36:21 [TestNG-tests-2] INFO  script.SampleTest - ========== BRAND END : BETMGMONCA ==========
2025-12-25 22:36:21 [TestNG-tests-1] INFO  script.SampleTest - ========== BRAND END : BETMGMONCA ==========
2025-12-25 22:36:23 [TestNG-tests-1] INFO  script.SampleTest - ========== BRAND START : PREMIUM ==========
2025-12-25 22:36:23 [TestNG-tests-2] INFO  script.SampleTest - ========== BRAND START : PREMIUM ==========
2025-12-25 22:36:23 [TestNG-tests-1] ERROR script.Test1 - Execution failed
org.openqa.selenium.InvalidElementStateException: invalid element state: Element is not currently interactable and may not be manipulated
  (Session info: chrome=143.0.7499.170)
Build info: version: '4.20.0', revision: '866c76ca80'
System info: os.name: 'Windows 11', os.arch: 'amd64', os.version: '10.0', java.version: '21.0.3'
Driver info: org.openqa.selenium.chrome.ChromeDriver
Command: [245aee10dc25b705ece938d95239ea86, clearElement {id=f.EAEDBEC1727D41BFAE4E4E523CB7B3F7.d.593EB67E2B4A280C2894E45F970629BD.e.5703}]
Capabilities {acceptInsecureCerts: false, browserName: chrome, browserVersion: 143.0.7499.170, chrome: {chromedriverVersion: 143.0.7499.169 (164b20aab62..., userDataDir: C:\Users\SAI~1.DID\AppData\...}, fedcm:accounts: true, goog:chromeOptions: {debuggerAddress: localhost:55608}, goog:processID: 17592, networkConnectionEnabled: false, pageLoadStrategy: normal, platformName: windows, proxy: Proxy(), se:cdp: ws://localhost:55608/devtoo..., se:cdpVersion: 143.0.7499.170, setWindowRect: true, strictFileInteractability: false, timeouts: {implicit: 0, pageLoad: 300000, script: 30000}, unhandledPromptBehavior: dismiss and notify, webauthn:extension:credBlob: true, webauthn:extension:largeBlob: true, webauthn:extension:minPinLength: true, webauthn:extension:prf: true, webauthn:virtualAuthenticators: true}
Element: [[ChromeDriver: chrome on windows (245aee10dc25b705ece938d95239ea86)] -> id: templateBrandId]
Session ID: 245aee10dc25b705ece938d95239ea86
	at java.base/jdk.internal.reflect.DirectConstructorHandleAccessor.newInstance(DirectConstructorHandleAccessor.java:62) ~[?:?]
	at java.base/java.lang.reflect.Constructor.newInstanceWithCaller(Constructor.java:502) ~[?:?]
	at java.base/java.lang.reflect.Constructor.newInstance(Constructor.java:486) ~[?:?]
	at org.openqa.selenium.remote.ErrorCodec.decode(ErrorCodec.java:167) ~[selenium-remote-driver-4.20.0.jar:?]
	at org.openqa.selenium.remote.codec.w3c.W3CHttpResponseCodec.decode(W3CHttpResponseCodec.java:138) ~[selenium-remote-driver-4.20.0.jar:?]
	at org.openqa.selenium.remote.codec.w3c.W3CHttpResponseCodec.decode(W3CHttpResponseCodec.java:50) ~[selenium-remote-driver-4.20.0.jar:?]
	at org.openqa.selenium.remote.HttpCommandExecutor.execute(HttpCommandExecutor.java:190) ~[selenium-remote-driver-4.20.0.jar:?]
	at org.openqa.selenium.remote.service.DriverCommandExecutor.invokeExecute(DriverCommandExecutor.java:216) ~[selenium-remote-driver-4.20.0.jar:?]
	at org.openqa.selenium.remote.service.DriverCommandExecutor.execute(DriverCommandExecutor.java:174) ~[selenium-remote-driver-4.20.0.jar:?]
	at org.openqa.selenium.remote.RemoteWebDriver.execute(RemoteWebDriver.java:518) ~[selenium-remote-driver-4.20.0.jar:?]
	at org.openqa.selenium.remote.RemoteWebElement.execute(RemoteWebElement.java:223) ~[selenium-remote-driver-4.20.0.jar:?]
	at org.openqa.selenium.remote.RemoteWebElement.clear(RemoteWebElement.java:129) ~[selenium-remote-driver-4.20.0.jar:?]
	at businessLogics.BusinessUtilities1.configureLobbies(BusinessUtilities1.java:123) ~[test-classes/:?]
	at script.Test1.addGamesToLobbies(Test1.java:92) ~[test-classes/:?]
	at java.base/jdk.internal.reflect.DirectMethodHandleAccessor.invoke(DirectMethodHandleAccessor.java:103) ~[?:?]
	at java.base/java.lang.reflect.Method.invoke(Method.java:580) ~[?:?]
	at org.testng.internal.invokers.MethodInvocationHelper.invokeMethod(MethodInvocationHelper.java:139) ~[testng-7.9.0.jar:7.9.0]
	at org.testng.internal.invokers.TestInvoker.invokeMethod(TestInvoker.java:664) ~[testng-7.9.0.jar:7.9.0]
	at org.testng.internal.invokers.TestInvoker.invokeTestMethod(TestInvoker.java:228) ~[testng-7.9.0.jar:7.9.0]
	at org.testng.internal.invokers.MethodRunner.runInSequence(MethodRunner.java:63) ~[testng-7.9.0.jar:7.9.0]
	at org.testng.internal.invokers.TestInvoker$MethodInvocationAgent.invoke(TestInvoker.java:961) ~[testng-7.9.0.jar:7.9.0]
	at org.testng.internal.invokers.TestInvoker.invokeTestMethods(TestInvoker.java:201) ~[testng-7.9.0.jar:7.9.0]
	at org.testng.internal.invokers.TestMethodWorker.invokeTestMethods(TestMethodWorker.java:148) ~[testng-7.9.0.jar:7.9.0]
	at org.testng.internal.invokers.TestMethodWorker.run(TestMethodWorker.java:128) ~[testng-7.9.0.jar:7.9.0]
	at java.base/java.util.ArrayList.forEach(ArrayList.java:1596) ~[?:?]
	at org.testng.TestRunner.privateRun(TestRunner.java:819) ~[testng-7.9.0.jar:7.9.0]
	at org.testng.TestRunner.run(TestRunner.java:619) ~[testng-7.9.0.jar:7.9.0]
	at org.testng.SuiteRunner.runTest(SuiteRunner.java:443) ~[testng-7.9.0.jar:7.9.0]
	at org.testng.SuiteRunner$SuiteWorker.run(SuiteRunner.java:481) ~[testng-7.9.0.jar:7.9.0]
	at org.testng.internal.thread.ThreadUtil.lambda$execute$0(ThreadUtil.java:58) ~[testng-7.9.0.jar:7.9.0]
	at java.base/java.util.concurrent.FutureTask.run(FutureTask.java:317) ~[?:?]
	at java.base/java.util.concurrent.ThreadPoolExecutor.runWorker(ThreadPoolExecutor.java:1144) ~[?:?]
	at java.base/java.util.concurrent.ThreadPoolExecutor$Worker.run(ThreadPoolExecutor.java:642) ~[?:?]
	at java.base/java.lang.Thread.run(Thread.java:1583) [?:?]
2025-12-25 22:36:23 [TestNG-tests-2] ERROR script.Test2 - Execution failed
org.openqa.selenium.InvalidElementStateException: invalid element state: Element is not currently interactable and may not be manipulated
  (Session info: chrome=143.0.7499.170)
Build info: version: '4.20.0', revision: '866c76ca80'
System info: os.name: 'Windows 11', os.arch: 'amd64', os.version: '10.0', java.version: '21.0.3'
Driver info: org.openqa.selenium.chrome.ChromeDriver
Command: [7390d1d1d9857bffd11c832fcda4446e, clearElement {id=f.84F8858D03657E1E7BADB16333651A4C.d.42EB5BBAC3D1EDC987DFBC9182E9C893.e.5691}]
Capabilities {acceptInsecureCerts: false, browserName: chrome, browserVersion: 143.0.7499.170, chrome: {chromedriverVersion: 143.0.7499.169 (164b20aab62..., userDataDir: C:\Users\SAI~1.DID\AppData\...}, fedcm:accounts: true, goog:chromeOptions: {debuggerAddress: localhost:50756}, goog:processID: 2072, networkConnectionEnabled: false, pageLoadStrategy: normal, platformName: windows, proxy: Proxy(), se:cdp: ws://localhost:50756/devtoo..., se:cdpVersion: 143.0.7499.170, setWindowRect: true, strictFileInteractability: false, timeouts: {implicit: 0, pageLoad: 300000, script: 30000}, unhandledPromptBehavior: dismiss and notify, webauthn:extension:credBlob: true, webauthn:extension:largeBlob: true, webauthn:extension:minPinLength: true, webauthn:extension:prf: true, webauthn:virtualAuthenticators: true}
Element: [[ChromeDriver: chrome on windows (7390d1d1d9857bffd11c832fcda4446e)] -> id: templateBrandId]
Session ID: 7390d1d1d9857bffd11c832fcda4446e
	at java.base/jdk.internal.reflect.DirectConstructorHandleAccessor.newInstance(DirectConstructorHandleAccessor.java:62) ~[?:?]
	at java.base/java.lang.reflect.Constructor.newInstanceWithCaller(Constructor.java:502) ~[?:?]
	at java.base/java.lang.reflect.Constructor.newInstance(Constructor.java:486) ~[?:?]
	at org.openqa.selenium.remote.ErrorCodec.decode(ErrorCodec.java:167) ~[selenium-remote-driver-4.20.0.jar:?]
	at org.openqa.selenium.remote.codec.w3c.W3CHttpResponseCodec.decode(W3CHttpResponseCodec.java:138) ~[selenium-remote-driver-4.20.0.jar:?]
	at org.openqa.selenium.remote.codec.w3c.W3CHttpResponseCodec.decode(W3CHttpResponseCodec.java:50) ~[selenium-remote-driver-4.20.0.jar:?]
	at org.openqa.selenium.remote.HttpCommandExecutor.execute(HttpCommandExecutor.java:190) ~[selenium-remote-driver-4.20.0.jar:?]
	at org.openqa.selenium.remote.service.DriverCommandExecutor.invokeExecute(DriverCommandExecutor.java:216) ~[selenium-remote-driver-4.20.0.jar:?]
	at org.openqa.selenium.remote.service.DriverCommandExecutor.execute(DriverCommandExecutor.java:174) ~[selenium-remote-driver-4.20.0.jar:?]
	at org.openqa.selenium.remote.RemoteWebDriver.execute(RemoteWebDriver.java:518) ~[selenium-remote-driver-4.20.0.jar:?]
	at org.openqa.selenium.remote.RemoteWebElement.execute(RemoteWebElement.java:223) ~[selenium-remote-driver-4.20.0.jar:?]
	at org.openqa.selenium.remote.RemoteWebElement.clear(RemoteWebElement.java:129) ~[selenium-remote-driver-4.20.0.jar:?]
	at businessLogics.BusinessUtilities1.configureLobbies(BusinessUtilities1.java:123) ~[test-classes/:?]
	at script.Test2.addGamesToLobbies(Test2.java:89) ~[test-classes/:?]
	at java.base/jdk.internal.reflect.DirectMethodHandleAccessor.invoke(DirectMethodHandleAccessor.java:103) ~[?:?]
	at java.base/java.lang.reflect.Method.invoke(Method.java:580) ~[?:?]
	at org.testng.internal.invokers.MethodInvocationHelper.invokeMethod(MethodInvocationHelper.java:139) ~[testng-7.9.0.jar:7.9.0]
	at org.testng.internal.invokers.TestInvoker.invokeMethod(TestInvoker.java:664) ~[testng-7.9.0.jar:7.9.0]
	at org.testng.internal.invokers.TestInvoker.invokeTestMethod(TestInvoker.java:228) ~[testng-7.9.0.jar:7.9.0]
	at org.testng.internal.invokers.MethodRunner.runInSequence(MethodRunner.java:63) ~[testng-7.9.0.jar:7.9.0]
	at org.testng.internal.invokers.TestInvoker$MethodInvocationAgent.invoke(TestInvoker.java:961) ~[testng-7.9.0.jar:7.9.0]
	at org.testng.internal.invokers.TestInvoker.invokeTestMethods(TestInvoker.java:201) ~[testng-7.9.0.jar:7.9.0]
	at org.testng.internal.invokers.TestMethodWorker.invokeTestMethods(TestMethodWorker.java:148) ~[testng-7.9.0.jar:7.9.0]
	at org.testng.internal.invokers.TestMethodWorker.run(TestMethodWorker.java:128) ~[testng-7.9.0.jar:7.9.0]
	at java.base/java.util.ArrayList.forEach(ArrayList.java:1596) ~[?:?]
	at org.testng.TestRunner.privateRun(TestRunner.java:819) ~[testng-7.9.0.jar:7.9.0]
	at org.testng.TestRunner.run(TestRunner.java:619) ~[testng-7.9.0.jar:7.9.0]
	at org.testng.SuiteRunner.runTest(SuiteRunner.java:443) ~[testng-7.9.0.jar:7.9.0]
	at org.testng.SuiteRunner$SuiteWorker.run(SuiteRunner.java:481) ~[testng-7.9.0.jar:7.9.0]
	at org.testng.internal.thread.ThreadUtil.lambda$execute$0(ThreadUtil.java:58) ~[testng-7.9.0.jar:7.9.0]
	at java.base/java.util.concurrent.FutureTask.run(FutureTask.java:317) ~[?:?]
	at java.base/java.util.concurrent.ThreadPoolExecutor.runWorker(ThreadPoolExecutor.java:1144) ~[?:?]
	at java.base/java.util.concurrent.ThreadPoolExecutor$Worker.run(ThreadPoolExecutor.java:642) ~[?:?]
	at java.base/java.lang.Thread.run(Thread.java:1583) [?:?]
