<!DOCTYPE HTML PUBLIC "-//W3C//DTD HTML 4.01 Transitional//EN" "http://www.w3.org/TR/html4/loose.dtd">
<html>
<head>
<meta charset="UTF-8"/>
<title>Automation Test Execution Report</title>
<style type="text/css">
<!--
body, table {font-family:arial,sans-serif; font-size: medium
;}th {background: #336699; color: #FFFFFF; text-align: left;}
-->
</style>
</head>
<body bgcolor="#FFFFFF" topmargin="6" leftmargin="6">
<hr size="1" noshade="noshade">
Log session start time Mon Jan 05 22:56:03 IST 2026<br>
<br>
<table cellspacing="0" cellpadding="4" border="1" bordercolor="#224466" width="100%">
<tr>
<th>Time</th>
<th>Thread</th>
<th>Level</th>
<th>Logger</th>
<th>File:Line</th>
<th>Message</th>
</tr>

<tr>
<td>2730</td>
<td title="TestNG-tests-2 thread">TestNG-tests-2</td>
<td title="Level">INFO</td>
<td title="fileUtilities.GamesAdditionExcelUtility1 logger">fileUtilities.GamesAdditionExcelUtility1</td>
<td>GamesAdditionExcelUtility1.java:69</td>
<td title="Message">Reading Excel data...</td>
</tr>

<tr>
<td>2730</td>
<td title="TestNG-tests-1 thread">TestNG-tests-1</td>
<td title="Level">INFO</td>
<td title="fileUtilities.GamesAdditionExcelUtility1 logger">fileUtilities.GamesAdditionExcelUtility1</td>
<td>GamesAdditionExcelUtility1.java:69</td>
<td title="Message">Reading Excel data...</td>
</tr>

<tr>
<td>2736</td>
<td title="TestNG-tests-1 thread">TestNG-tests-1</td>
<td title="Level">INFO</td>
<td title="fileUtilities.GamesAdditionExcelUtility1 logger">fileUtilities.GamesAdditionExcelUtility1</td>
<td>GamesAdditionExcelUtility1.java:72</td>
<td title="Message">Total rows: 12</td>
</tr>

<tr>
<td>2736</td>
<td title="TestNG-tests-2 thread">TestNG-tests-2</td>
<td title="Level">INFO</td>
<td title="fileUtilities.GamesAdditionExcelUtility1 logger">fileUtilities.GamesAdditionExcelUtility1</td>
<td>GamesAdditionExcelUtility1.java:72</td>
<td title="Message">Total rows: 12</td>
</tr>

<tr>
<td>2753</td>
<td title="TestNG-tests-1 thread">TestNG-tests-1</td>
<td title="Level">INFO</td>
<td title="fileUtilities.GamesAdditionExcelUtility1 logger">fileUtilities.GamesAdditionExcelUtility1</td>
<td>GamesAdditionExcelUtility1.java:96</td>
<td title="Message">Excel data reading completed.</td>
</tr>

<tr>
<td>2753</td>
<td title="TestNG-tests-2 thread">TestNG-tests-2</td>
<td title="Level">INFO</td>
<td title="fileUtilities.GamesAdditionExcelUtility1 logger">fileUtilities.GamesAdditionExcelUtility1</td>
<td>GamesAdditionExcelUtility1.java:96</td>
<td title="Message">Excel data reading completed.</td>
</tr>

<tr>
<td>11898</td>
<td title="TestNG-tests-2 thread">TestNG-tests-2</td>
<td title="Level">INFO</td>
<td title="script.Test2 logger">script.Test2</td>
<td>Test2.java:64</td>
<td title="Message">Browser launched</td>
</tr>

<tr>
<td>11898</td>
<td title="TestNG-tests-2 thread">TestNG-tests-2</td>
<td title="Level">INFO</td>
<td title="script.Test2 logger">script.Test2</td>
<td>Test2.java:65</td>
<td title="Message">Excel rows count =&gt; 12</td>
</tr>

<tr>
<td>12436</td>
<td title="TestNG-tests-1 thread">TestNG-tests-1</td>
<td title="Level">INFO</td>
<td title="script.Test1 logger">script.Test1</td>
<td>Test1.java:67</td>
<td title="Message">Browser launched</td>
</tr>

<tr>
<td>12438</td>
<td title="TestNG-tests-1 thread">TestNG-tests-1</td>
<td title="Level">INFO</td>
<td title="script.Test1 logger">script.Test1</td>
<td>Test1.java:68</td>
<td title="Message">Excel rows count =&gt; 12</td>
</tr>

<tr>
<td>14197</td>
<td title="TestNG-tests-1 thread">TestNG-tests-1</td>
<td title="Level"><font color="#993300"><strong>WARN</strong></font></td>
<td title="script.Test1 logger">script.Test1</td>
<td>Test1.java:73</td>
<td title="Message">URL loaded</td>
</tr>

<tr>
<td>14337</td>
<td title="TestNG-tests-2 thread">TestNG-tests-2</td>
<td title="Level"><font color="#993300"><strong>WARN</strong></font></td>
<td title="script.Test2 logger">script.Test2</td>
<td>Test2.java:70</td>
<td title="Message">URL loaded</td>
</tr>

<tr>
<td>14664</td>
<td title="TestNG-tests-2 thread">TestNG-tests-2</td>
<td title="Level">INFO</td>
<td title="businessLogics.BusinessUtilitiesParallel logger">businessLogics.BusinessUtilitiesParallel</td>
<td>BusinessUtilitiesParallel.java:78</td>
<td title="Message">LOGIN SUCCESS</td>
</tr>

<tr>
<td>14664</td>
<td title="TestNG-tests-2 thread">TestNG-tests-2</td>
<td title="Level">INFO</td>
<td title="script.Test2 logger">script.Test2</td>
<td>Test2.java:76</td>
<td title="Message">========== LOGIN SUCCESS ==========</td>
</tr>

<tr>
<td>14890</td>
<td title="TestNG-tests-1 thread">TestNG-tests-1</td>
<td title="Level">INFO</td>
<td title="businessLogics.BusinessUtilitiesParallel logger">businessLogics.BusinessUtilitiesParallel</td>
<td>BusinessUtilitiesParallel.java:78</td>
<td title="Message">LOGIN SUCCESS</td>
</tr>

<tr>
<td>14892</td>
<td title="TestNG-tests-1 thread">TestNG-tests-1</td>
<td title="Level">INFO</td>
<td title="script.Test1 logger">script.Test1</td>
<td>Test1.java:80</td>
<td title="Message">========== LOGIN SUCCESS ==========</td>
</tr>

<tr>
<td>18951</td>
<td title="TestNG-tests-2 thread">TestNG-tests-2</td>
<td title="Level"><font color="#993300"><strong>ERROR</strong></font></td>
<td title="script.Test2 logger">script.Test2</td>
<td>Test2.java:110</td>
<td title="Message">Execution failed</td>
</tr>
<tr><td bgcolor="#993300" style="color:White; font-size : small;" colspan="6">org.openqa.selenium.NoSuchElementException: no such element: element not found
<br />&nbsp;&nbsp;&nbsp;&nbsp;  (Session info: chrome=143.0.7499.170)
<br />&nbsp;&nbsp;&nbsp;&nbsp;For documentation on this error, please visit: https://www.selenium.dev/documentation/webdriver/troubleshooting/errors#no-such-element-exception
<br />&nbsp;&nbsp;&nbsp;&nbsp;Build info: version: '4.20.0', revision: '866c76ca80'
<br />&nbsp;&nbsp;&nbsp;&nbsp;System info: os.name: 'Windows 11', os.arch: 'amd64', os.version: '10.0', java.version: '17.0.11'
<br />&nbsp;&nbsp;&nbsp;&nbsp;Driver info: org.openqa.selenium.chrome.ChromeDriver
<br />&nbsp;&nbsp;&nbsp;&nbsp;Command: [0c0fc9c116c6eedca76c9a236210230f, executeScript {args=[{element-6066-11e4-a52e-4f735466cecf=f.014F9682D3AA247E452E8799079EE6B2.d.4EFEBDC1143738243A4886B9AB08B094.e.10}], script=arguments[0].click();}]
<br />&nbsp;&nbsp;&nbsp;&nbsp;Capabilities {acceptInsecureCerts: false, browserName: chrome, browserVersion: 143.0.7499.170, chrome: {chromedriverVersion: 143.0.7499.169 (164b20aab62..., userDataDir: C:\Users\SAI~1.DID\AppData\...}, fedcm:accounts: true, goog:chromeOptions: {debuggerAddress: localhost:53436}, goog:processID: 16264, networkConnectionEnabled: false, pageLoadStrategy: normal, platformName: windows, proxy: Proxy(), se:cdp: ws://localhost:53436/devtoo..., se:cdpVersion: 143.0.7499.170, setWindowRect: true, strictFileInteractability: false, timeouts: {implicit: 0, pageLoad: 300000, script: 30000}, unhandledPromptBehavior: dismiss and notify, webauthn:extension:credBlob: true, webauthn:extension:largeBlob: true, webauthn:extension:minPinLength: true, webauthn:extension:prf: true, webauthn:virtualAuthenticators: true}
<br />&nbsp;&nbsp;&nbsp;&nbsp;Session ID: 0c0fc9c116c6eedca76c9a236210230f
<br />&nbsp;&nbsp;&nbsp;&nbsp;	at java.base/jdk.internal.reflect.NativeConstructorAccessorImpl.newInstance0(Native Method)
<br />&nbsp;&nbsp;&nbsp;&nbsp;	at java.base/jdk.internal.reflect.NativeConstructorAccessorImpl.newInstance(NativeConstructorAccessorImpl.java:77)
<br />&nbsp;&nbsp;&nbsp;&nbsp;	at java.base/jdk.internal.reflect.DelegatingConstructorAccessorImpl.newInstance(DelegatingConstructorAccessorImpl.java:45)
<br />&nbsp;&nbsp;&nbsp;&nbsp;	at java.base/java.lang.reflect.Constructor.newInstanceWithCaller(Constructor.java:499)
<br />&nbsp;&nbsp;&nbsp;&nbsp;	at java.base/java.lang.reflect.Constructor.newInstance(Constructor.java:480)
<br />&nbsp;&nbsp;&nbsp;&nbsp;	at org.openqa.selenium.remote.ErrorCodec.decode(ErrorCodec.java:167)
<br />&nbsp;&nbsp;&nbsp;&nbsp;	at org.openqa.selenium.remote.codec.w3c.W3CHttpResponseCodec.decode(W3CHttpResponseCodec.java:138)
<br />&nbsp;&nbsp;&nbsp;&nbsp;	at org.openqa.selenium.remote.codec.w3c.W3CHttpResponseCodec.decode(W3CHttpResponseCodec.java:50)
<br />&nbsp;&nbsp;&nbsp;&nbsp;	at org.openqa.selenium.remote.HttpCommandExecutor.execute(HttpCommandExecutor.java:190)
<br />&nbsp;&nbsp;&nbsp;&nbsp;	at org.openqa.selenium.remote.service.DriverCommandExecutor.invokeExecute(DriverCommandExecutor.java:216)
<br />&nbsp;&nbsp;&nbsp;&nbsp;	at org.openqa.selenium.remote.service.DriverCommandExecutor.execute(DriverCommandExecutor.java:174)
<br />&nbsp;&nbsp;&nbsp;&nbsp;	at org.openqa.selenium.remote.RemoteWebDriver.execute(RemoteWebDriver.java:518)
<br />&nbsp;&nbsp;&nbsp;&nbsp;	at org.openqa.selenium.remote.RemoteWebDriver.executeScript(RemoteWebDriver.java:463)
<br />&nbsp;&nbsp;&nbsp;&nbsp;	at businessLogics.BusinessUtilitiesParallel.navigateToLobbyManager(BusinessUtilitiesParallel.java:97)
<br />&nbsp;&nbsp;&nbsp;&nbsp;	at script.Test2.addGamesToLobbies(Test2.java:81)
<br />&nbsp;&nbsp;&nbsp;&nbsp;	at java.base/jdk.internal.reflect.NativeMethodAccessorImpl.invoke0(Native Method)
<br />&nbsp;&nbsp;&nbsp;&nbsp;	at java.base/jdk.internal.reflect.NativeMethodAccessorImpl.invoke(NativeMethodAccessorImpl.java:77)
<br />&nbsp;&nbsp;&nbsp;&nbsp;	at java.base/jdk.internal.reflect.DelegatingMethodAccessorImpl.invoke(DelegatingMethodAccessorImpl.java:43)
<br />&nbsp;&nbsp;&nbsp;&nbsp;	at java.base/java.lang.reflect.Method.invoke(Method.java:568)
<br />&nbsp;&nbsp;&nbsp;&nbsp;	at org.testng.internal.invokers.MethodInvocationHelper.invokeMethod(MethodInvocationHelper.java:139)
<br />&nbsp;&nbsp;&nbsp;&nbsp;	at org.testng.internal.invokers.TestInvoker.invokeMethod(TestInvoker.java:664)
<br />&nbsp;&nbsp;&nbsp;&nbsp;	at org.testng.internal.invokers.TestInvoker.invokeTestMethod(TestInvoker.java:228)
<br />&nbsp;&nbsp;&nbsp;&nbsp;	at org.testng.internal.invokers.MethodRunner.runInSequence(MethodRunner.java:63)
<br />&nbsp;&nbsp;&nbsp;&nbsp;	at org.testng.internal.invokers.TestInvoker$MethodInvocationAgent.invoke(TestInvoker.java:961)
<br />&nbsp;&nbsp;&nbsp;&nbsp;	at org.testng.internal.invokers.TestInvoker.invokeTestMethods(TestInvoker.java:201)
<br />&nbsp;&nbsp;&nbsp;&nbsp;	at org.testng.internal.invokers.TestMethodWorker.invokeTestMethods(TestMethodWorker.java:148)
<br />&nbsp;&nbsp;&nbsp;&nbsp;	at org.testng.internal.invokers.TestMethodWorker.run(TestMethodWorker.java:128)
<br />&nbsp;&nbsp;&nbsp;&nbsp;	at java.base/java.util.ArrayList.forEach(ArrayList.java:1511)
<br />&nbsp;&nbsp;&nbsp;&nbsp;	at org.testng.TestRunner.privateRun(TestRunner.java:819)
<br />&nbsp;&nbsp;&nbsp;&nbsp;	at org.testng.TestRunner.run(TestRunner.java:619)
<br />&nbsp;&nbsp;&nbsp;&nbsp;	at org.testng.SuiteRunner.runTest(SuiteRunner.java:443)
<br />&nbsp;&nbsp;&nbsp;&nbsp;	at org.testng.SuiteRunner$SuiteWorker.run(SuiteRunner.java:481)
<br />&nbsp;&nbsp;&nbsp;&nbsp;	at org.testng.internal.thread.ThreadUtil.lambda$execute$0(ThreadUtil.java:58)
<br />&nbsp;&nbsp;&nbsp;&nbsp;	at java.base/java.util.concurrent.FutureTask.run(FutureTask.java:264)
<br />&nbsp;&nbsp;&nbsp;&nbsp;	at java.base/java.util.concurrent.ThreadPoolExecutor.runWorker(ThreadPoolExecutor.java:1136)
<br />&nbsp;&nbsp;&nbsp;&nbsp;	at java.base/java.util.concurrent.ThreadPoolExecutor$Worker.run(ThreadPoolExecutor.java:635)
<br />&nbsp;&nbsp;&nbsp;&nbsp;	at java.base/java.lang.Thread.run(Thread.java:840)
</td></tr>

<tr>
<td>28122</td>
<td title="TestNG-tests-1 thread">TestNG-tests-1</td>
<td title="Level">INFO</td>
<td title="businessLogics.BusinessUtilitiesParallel logger">businessLogics.BusinessUtilitiesParallel</td>
<td>BusinessUtilitiesParallel.java:110</td>
<td title="Message">Navigated to Casino Lobby Manager</td>
</tr>

<tr>
<td>28122</td>
<td title="TestNG-tests-1 thread">TestNG-tests-1</td>
<td title="Level"><font color="#993300"><strong>WARN</strong></font></td>
<td title="script.Test1 logger">script.Test1</td>
<td>Test1.java:92</td>
<td title="Message">Skipping brand (no variants): BWINCOM</td>
</tr>

<tr>
<td>30233</td>
<td title="TestNG-tests-1 thread">TestNG-tests-1</td>
<td title="Level">INFO</td>
<td title="businessLogics.BusinessUtilitiesParallel logger">businessLogics.BusinessUtilitiesParallel</td>
<td>BusinessUtilitiesParallel.java:148</td>
<td title="Message">========== BRAND START : BETMGMONCA ==========</td>
</tr>

<tr>
<td>30256</td>
<td title="TestNG-tests-1 thread">TestNG-tests-1</td>
<td title="Level"><font color="#993300"><strong>ERROR</strong></font></td>
<td title="script.Test1 logger">script.Test1</td>
<td>Test1.java:114</td>
<td title="Message">Execution failed</td>
</tr>
<tr><td bgcolor="#993300" style="color:White; font-size : small;" colspan="6">org.openqa.selenium.NoSuchElementException: no such element: Unable to locate element: {&quot;method&quot;:&quot;css selector&quot;,&quot;selector&quot;:&quot;#templateBrandId&quot;}
<br />&nbsp;&nbsp;&nbsp;&nbsp;  (Session info: chrome=143.0.7499.170)
<br />&nbsp;&nbsp;&nbsp;&nbsp;For documentation on this error, please visit: https://www.selenium.dev/documentation/webdriver/troubleshooting/errors#no-such-element-exception
<br />&nbsp;&nbsp;&nbsp;&nbsp;Build info: version: '4.20.0', revision: '866c76ca80'
<br />&nbsp;&nbsp;&nbsp;&nbsp;System info: os.name: 'Windows 11', os.arch: 'amd64', os.version: '10.0', java.version: '17.0.11'
<br />&nbsp;&nbsp;&nbsp;&nbsp;Driver info: org.openqa.selenium.chrome.ChromeDriver
<br />&nbsp;&nbsp;&nbsp;&nbsp;Command: [0c0fc9c116c6eedca76c9a236210230f, findElement {using=id, value=templateBrandId}]
<br />&nbsp;&nbsp;&nbsp;&nbsp;Capabilities {acceptInsecureCerts: false, browserName: chrome, browserVersion: 143.0.7499.170, chrome: {chromedriverVersion: 143.0.7499.169 (164b20aab62..., userDataDir: C:\Users\SAI~1.DID\AppData\...}, fedcm:accounts: true, goog:chromeOptions: {debuggerAddress: localhost:53436}, goog:processID: 16264, networkConnectionEnabled: false, pageLoadStrategy: normal, platformName: windows, proxy: Proxy(), se:cdp: ws://localhost:53436/devtoo..., se:cdpVersion: 143.0.7499.170, setWindowRect: true, strictFileInteractability: false, timeouts: {implicit: 0, pageLoad: 300000, script: 30000}, unhandledPromptBehavior: dismiss and notify, webauthn:extension:credBlob: true, webauthn:extension:largeBlob: true, webauthn:extension:minPinLength: true, webauthn:extension:prf: true, webauthn:virtualAuthenticators: true}
<br />&nbsp;&nbsp;&nbsp;&nbsp;Session ID: 0c0fc9c116c6eedca76c9a236210230f
<br />&nbsp;&nbsp;&nbsp;&nbsp;	at java.base/jdk.internal.reflect.NativeConstructorAccessorImpl.newInstance0(Native Method)
<br />&nbsp;&nbsp;&nbsp;&nbsp;	at java.base/jdk.internal.reflect.NativeConstructorAccessorImpl.newInstance(NativeConstructorAccessorImpl.java:77)
<br />&nbsp;&nbsp;&nbsp;&nbsp;	at java.base/jdk.internal.reflect.DelegatingConstructorAccessorImpl.newInstance(DelegatingConstructorAccessorImpl.java:45)
<br />&nbsp;&nbsp;&nbsp;&nbsp;	at java.base/java.lang.reflect.Constructor.newInstanceWithCaller(Constructor.java:499)
<br />&nbsp;&nbsp;&nbsp;&nbsp;	at java.base/java.lang.reflect.Constructor.newInstance(Constructor.java:480)
<br />&nbsp;&nbsp;&nbsp;&nbsp;	at org.openqa.selenium.remote.ErrorCodec.decode(ErrorCodec.java:167)
<br />&nbsp;&nbsp;&nbsp;&nbsp;	at org.openqa.selenium.remote.codec.w3c.W3CHttpResponseCodec.decode(W3CHttpResponseCodec.java:138)
<br />&nbsp;&nbsp;&nbsp;&nbsp;	at org.openqa.selenium.remote.codec.w3c.W3CHttpResponseCodec.decode(W3CHttpResponseCodec.java:50)
<br />&nbsp;&nbsp;&nbsp;&nbsp;	at org.openqa.selenium.remote.HttpCommandExecutor.execute(HttpCommandExecutor.java:190)
<br />&nbsp;&nbsp;&nbsp;&nbsp;	at org.openqa.selenium.remote.service.DriverCommandExecutor.invokeExecute(DriverCommandExecutor.java:216)
<br />&nbsp;&nbsp;&nbsp;&nbsp;	at org.openqa.selenium.remote.service.DriverCommandExecutor.execute(DriverCommandExecutor.java:174)
<br />&nbsp;&nbsp;&nbsp;&nbsp;	at org.openqa.selenium.remote.RemoteWebDriver.execute(RemoteWebDriver.java:518)
<br />&nbsp;&nbsp;&nbsp;&nbsp;	at org.openqa.selenium.remote.ElementLocation$ElementFinder$2.findElement(ElementLocation.java:165)
<br />&nbsp;&nbsp;&nbsp;&nbsp;	at org.openqa.selenium.remote.ElementLocation.findElement(ElementLocation.java:59)
<br />&nbsp;&nbsp;&nbsp;&nbsp;	at org.openqa.selenium.remote.RemoteWebDriver.findElement(RemoteWebDriver.java:355)
<br />&nbsp;&nbsp;&nbsp;&nbsp;	at org.openqa.selenium.remote.RemoteWebDriver.findElement(RemoteWebDriver.java:349)
<br />&nbsp;&nbsp;&nbsp;&nbsp;	at org.openqa.selenium.support.pagefactory.DefaultElementLocator.findElement(DefaultElementLocator.java:68)
<br />&nbsp;&nbsp;&nbsp;&nbsp;	at org.openqa.selenium.support.pagefactory.internal.LocatingElementHandler.invoke(LocatingElementHandler.java:38)
<br />&nbsp;&nbsp;&nbsp;&nbsp;	at jdk.proxy2/jdk.proxy2.$Proxy26.clear(Unknown Source)
<br />&nbsp;&nbsp;&nbsp;&nbsp;	at businessLogics.BusinessUtilitiesParallel.configureLobbies(BusinessUtilitiesParallel.java:168)
<br />&nbsp;&nbsp;&nbsp;&nbsp;	at script.Test1.addGamesToLobbies(Test1.java:97)
<br />&nbsp;&nbsp;&nbsp;&nbsp;	at java.base/jdk.internal.reflect.NativeMethodAccessorImpl.invoke0(Native Method)
<br />&nbsp;&nbsp;&nbsp;&nbsp;	at java.base/jdk.internal.reflect.NativeMethodAccessorImpl.invoke(NativeMethodAccessorImpl.java:77)
<br />&nbsp;&nbsp;&nbsp;&nbsp;	at java.base/jdk.internal.reflect.DelegatingMethodAccessorImpl.invoke(DelegatingMethodAccessorImpl.java:43)
<br />&nbsp;&nbsp;&nbsp;&nbsp;	at java.base/java.lang.reflect.Method.invoke(Method.java:568)
<br />&nbsp;&nbsp;&nbsp;&nbsp;	at org.testng.internal.invokers.MethodInvocationHelper.invokeMethod(MethodInvocationHelper.java:139)
<br />&nbsp;&nbsp;&nbsp;&nbsp;	at org.testng.internal.invokers.TestInvoker.invokeMethod(TestInvoker.java:664)
<br />&nbsp;&nbsp;&nbsp;&nbsp;	at org.testng.internal.invokers.TestInvoker.invokeTestMethod(TestInvoker.java:228)
<br />&nbsp;&nbsp;&nbsp;&nbsp;	at org.testng.internal.invokers.MethodRunner.runInSequence(MethodRunner.java:63)
<br />&nbsp;&nbsp;&nbsp;&nbsp;	at org.testng.internal.invokers.TestInvoker$MethodInvocationAgent.invoke(TestInvoker.java:961)
<br />&nbsp;&nbsp;&nbsp;&nbsp;	at org.testng.internal.invokers.TestInvoker.invokeTestMethods(TestInvoker.java:201)
<br />&nbsp;&nbsp;&nbsp;&nbsp;	at org.testng.internal.invokers.TestMethodWorker.invokeTestMethods(TestMethodWorker.java:148)
<br />&nbsp;&nbsp;&nbsp;&nbsp;	at org.testng.internal.invokers.TestMethodWorker.run(TestMethodWorker.java:128)
<br />&nbsp;&nbsp;&nbsp;&nbsp;	at java.base/java.util.ArrayList.forEach(ArrayList.java:1511)
<br />&nbsp;&nbsp;&nbsp;&nbsp;	at org.testng.TestRunner.privateRun(TestRunner.java:819)
<br />&nbsp;&nbsp;&nbsp;&nbsp;	at org.testng.TestRunner.run(TestRunner.java:619)
<br />&nbsp;&nbsp;&nbsp;&nbsp;	at org.testng.SuiteRunner.runTest(SuiteRunner.java:443)
<br />&nbsp;&nbsp;&nbsp;&nbsp;	at org.testng.SuiteRunner$SuiteWorker.run(SuiteRunner.java:481)
<br />&nbsp;&nbsp;&nbsp;&nbsp;	at org.testng.internal.thread.ThreadUtil.lambda$execute$0(ThreadUtil.java:58)
<br />&nbsp;&nbsp;&nbsp;&nbsp;	at java.base/java.util.concurrent.FutureTask.run(FutureTask.java:264)
<br />&nbsp;&nbsp;&nbsp;&nbsp;	at java.base/java.util.concurrent.ThreadPoolExecutor.runWorker(ThreadPoolExecutor.java:1136)
<br />&nbsp;&nbsp;&nbsp;&nbsp;	at java.base/java.util.concurrent.ThreadPoolExecutor$Worker.run(ThreadPoolExecutor.java:635)
<br />&nbsp;&nbsp;&nbsp;&nbsp;	at java.base/java.lang.Thread.run(Thread.java:840)
</td></tr>
</table>
<br>
</body></html>
