<?xml version="1.0" encoding="UTF-8"?>
<testng-results ignored="0" total="2" passed="2" failed="0" skipped="0">
  <reporter-output>
  </reporter-output>
  <suite started-at="2026-01-04T20:51:36 IST" name="ParallelSuite" finished-at="2026-01-04T20:52:48 IST" duration-ms="72423">
    <groups>
    </groups>
    <test started-at="2026-01-04T20:51:36 IST" name="Test-1" finished-at="2026-01-04T20:52:48 IST" duration-ms="72423">
      <class name="script.Test1">
        <test-method signature="addGamesToLobbies()[pri:0, instance:script.Test1@7ec3394b]" started-at="2026-01-04T20:51:36 IST" name="addGamesToLobbies" finished-at="2026-01-04T20:52:48 IST" duration-ms="72385" status="PASS">
          <reporter-output>
          </reporter-output>
        </test-method> <!-- addGamesToLobbies -->
      </class> <!-- script.Test1 -->
    </test> <!-- Test-1 -->
    <test started-at="2026-01-04T20:51:36 IST" name="Test-2" finished-at="2026-01-04T20:52:48 IST" duration-ms="72415">
      <class name="script.Test2">
        <test-method signature="addGamesToLobbies()[pri:0, instance:script.Test2@25b2cfcb]" started-at="2026-01-04T20:51:36 IST" name="addGamesToLobbies" finished-at="2026-01-04T20:52:48 IST" duration-ms="72371" status="PASS">
          <reporter-output>
          </reporter-output>
        </test-method> <!-- addGamesToLobbies -->
      </class> <!-- script.Test2 -->
    </test> <!-- Test-2 -->
  </suite> <!-- ParallelSuite -->
</testng-results>
